2023-05-26T23:17:40+07:00 - GET /users
Request Body: 
Response Status: 200
Response Body: 
{"status":200,"message":"Successfully","data":[{"password":"password1","username":"user1"},{"password":"password2","username":"user2"},{"password":"password3","username":"user3"},{"password":"password4","username":"user4"},{"password":"password5","username":"user5"},{"password":"password6","username":"user6"},{"password":"password7","username":"user7"},{"password":"password8","username":"user8"},{"password":"password9","username":"user9"},{"password":"password10","username":"user10"},{"password":"password11","username":"user11"},{"password":"password12","username":"user12"},{"password":"password13","username":"user13"},{"password":"password14","username":"user14"},{"password":"password15","username":"user15"},{"password":"password16","username":"user16"},{"password":"password17","username":"user17"},{"password":"password18","username":"user18"},{"password":"password19","username":"user19"},{"password":"password20","username":"user20"}]}
2023-05-26T23:19:55+07:00 - GET /users
Request Body: 
Response Status: 200
Response Body: 
{"status":200,"message":"Successfully","data":[{"password":"password1","username":"user1"},{"password":"password2","username":"user2"},{"password":"password3","username":"user3"},{"password":"password4","username":"user4"},{"password":"password5","username":"user5"},{"password":"password6","username":"user6"},{"password":"password7","username":"user7"},{"password":"password8","username":"user8"},{"password":"password9","username":"user9"},{"password":"password10","username":"user10"},{"password":"password11","username":"user11"},{"password":"password12","username":"user12"},{"password":"password13","username":"user13"},{"password":"password14","username":"user14"},{"password":"password15","username":"user15"},{"password":"password16","username":"user16"},{"password":"password17","username":"user17"},{"password":"password18","username":"user18"},{"password":"password19","username":"user19"},{"password":"password20","username":"user20"}]}
2023-05-26T23:20:01+07:00 - GET /users
Request Body: 
Response Status: 200
Response Body: 
{"status":200,"message":"Successfully","data":[{"password":"password1","username":"user1"},{"password":"password2","username":"user2"},{"password":"password3","username":"user3"},{"password":"password4","username":"user4"},{"password":"password5","username":"user5"},{"password":"password6","username":"user6"},{"password":"password7","username":"user7"},{"password":"password8","username":"user8"},{"password":"password9","username":"user9"},{"password":"password10","username":"user10"},{"password":"password11","username":"user11"},{"password":"password12","username":"user12"},{"password":"password13","username":"user13"},{"password":"password14","username":"user14"},{"password":"password15","username":"user15"},{"password":"password16","username":"user16"},{"password":"password17","username":"user17"},{"password":"password18","username":"user18"},{"password":"password19","username":"user19"},{"password":"password20","username":"user20"}]}
2023-05-26T23:20:03+07:00 - GET /users
Request Body: 
Response Status: 200
Response Body: 
{"status":200,"message":"Successfully","data":[{"password":"password1","username":"user1"},{"password":"password2","username":"user2"},{"password":"password3","username":"user3"},{"password":"password4","username":"user4"},{"password":"password5","username":"user5"},{"password":"password6","username":"user6"},{"password":"password7","username":"user7"},{"password":"password8","username":"user8"},{"password":"password9","username":"user9"},{"password":"password10","username":"user10"},{"password":"password11","username":"user11"},{"password":"password12","username":"user12"},{"password":"password13","username":"user13"},{"password":"password14","username":"user14"},{"password":"password15","username":"user15"},{"password":"password16","username":"user16"},{"password":"password17","username":"user17"},{"password":"password18","username":"user18"},{"password":"password19","username":"user19"},{"password":"password20","username":"user20"}]}
2023-05-26T23:20:23+07:00 - GET /users
Request Body: 
Response Status: 200
Response Body: 
{"status":200,"message":"Successfully","data":[{"password":"password1","username":"user1"},{"password":"password2","username":"user2"},{"password":"password3","username":"user3"},{"password":"password4","username":"user4"},{"password":"password5","username":"user5"},{"password":"password6","username":"user6"},{"password":"password7","username":"user7"},{"password":"password8","username":"user8"},{"password":"password9","username":"user9"},{"password":"password10","username":"user10"},{"password":"password11","username":"user11"},{"password":"password12","username":"user12"},{"password":"password13","username":"user13"},{"password":"password14","username":"user14"},{"password":"password15","username":"user15"},{"password":"password16","username":"user16"},{"password":"password17","username":"user17"},{"password":"password18","username":"user18"},{"password":"password19","username":"user19"},{"password":"password20","username":"user20"}]}
2023-05-26T23:28:36+07:00 - GET /users
Request Body: 
Response Status: 200
Response Body: 
{"status":200,"message":"Successfully","data":[{"password":"password1","username":"user1"},{"password":"password2","username":"user2"},{"password":"password3","username":"user3"},{"password":"password4","username":"user4"},{"password":"password5","username":"user5"},{"password":"password6","username":"user6"},{"password":"password7","username":"user7"},{"password":"password8","username":"user8"},{"password":"password9","username":"user9"},{"password":"password10","username":"user10"},{"password":"password11","username":"user11"},{"password":"password12","username":"user12"},{"password":"password13","username":"user13"},{"password":"password14","username":"user14"},{"password":"password15","username":"user15"},{"password":"password16","username":"user16"},{"password":"password17","username":"user17"},{"password":"password18","username":"user18"},{"password":"password19","username":"user19"},{"password":"password20","username":"user20"}]}
2023-05-26T23:28:37+07:00 - GET /users
Request Body: 
Response Status: 200
Response Body: 
{"status":200,"message":"Successfully","data":[{"password":"password1","username":"user1"},{"password":"password2","username":"user2"},{"password":"password3","username":"user3"},{"password":"password4","username":"user4"},{"password":"password5","username":"user5"},{"password":"password6","username":"user6"},{"password":"password7","username":"user7"},{"password":"password8","username":"user8"},{"password":"password9","username":"user9"},{"password":"password10","username":"user10"},{"password":"password11","username":"user11"},{"password":"password12","username":"user12"},{"password":"password13","username":"user13"},{"password":"password14","username":"user14"},{"password":"password15","username":"user15"},{"password":"password16","username":"user16"},{"password":"password17","username":"user17"},{"password":"password18","username":"user18"},{"password":"password19","username":"user19"},{"password":"password20","username":"user20"}]}
2023-05-26T23:31:14+07:00 - GET /users
Request Body: 
Response Status: 200
Response Body: 
{"status":200,"message":"Successfully","data":[{"password":"password1","username":"user1"},{"password":"password2","username":"user2"},{"password":"password3","username":"user3"},{"password":"password4","username":"user4"},{"password":"password5","username":"user5"},{"password":"password6","username":"user6"},{"password":"password7","username":"user7"},{"password":"password8","username":"user8"},{"password":"password9","username":"user9"},{"password":"password10","username":"user10"},{"password":"password11","username":"user11"},{"password":"password12","username":"user12"},{"password":"password13","username":"user13"},{"password":"password14","username":"user14"},{"password":"password15","username":"user15"},{"password":"password16","username":"user16"},{"password":"password17","username":"user17"},{"password":"password18","username":"user18"},{"password":"password19","username":"user19"},{"password":"password20","username":"user20"}]}
2023-05-26T23:31:15+07:00 - GET /users
Request Body: 
Response Status: 200
Response Body: 
{"status":200,"message":"Successfully","data":[{"password":"password1","username":"user1"},{"password":"password2","username":"user2"},{"password":"password3","username":"user3"},{"password":"password4","username":"user4"},{"password":"password5","username":"user5"},{"password":"password6","username":"user6"},{"password":"password7","username":"user7"},{"password":"password8","username":"user8"},{"password":"password9","username":"user9"},{"password":"password10","username":"user10"},{"password":"password11","username":"user11"},{"password":"password12","username":"user12"},{"password":"password13","username":"user13"},{"password":"password14","username":"user14"},{"password":"password15","username":"user15"},{"password":"password16","username":"user16"},{"password":"password17","username":"user17"},{"password":"password18","username":"user18"},{"password":"password19","username":"user19"},{"password":"password20","username":"user20"}]}
2023-05-26T23:35:12+07:00 - GET /users
Request Body: 
Response Status: 200
Response Body: 
{"status":200,"message":"Successfully","data":[{"password":"password1","username":"user1"},{"password":"password2","username":"user2"},{"password":"password3","username":"user3"},{"password":"password4","username":"user4"},{"password":"password5","username":"user5"},{"password":"password6","username":"user6"},{"password":"password7","username":"user7"},{"password":"password8","username":"user8"},{"password":"password9","username":"user9"},{"password":"password10","username":"user10"},{"password":"password11","username":"user11"},{"password":"password12","username":"user12"},{"password":"password13","username":"user13"},{"password":"password14","username":"user14"},{"password":"password15","username":"user15"},{"password":"password16","username":"user16"},{"password":"password17","username":"user17"},{"password":"password18","username":"user18"},{"password":"password19","username":"user19"},{"password":"password20","username":"user20"}]}
2023-05-26T23:39:52+07:00 - GET /users
Request Body: 
Response Status: 200
Response Body: 
{"status":200,"message":"Successfully","data":[{"password":"password1","username":"user1"},{"password":"password2","username":"user2"},{"password":"password3","username":"user3"},{"password":"password4","username":"user4"},{"password":"password5","username":"user5"},{"password":"password6","username":"user6"},{"password":"password7","username":"user7"},{"password":"password8","username":"user8"},{"password":"password9","username":"user9"},{"password":"password10","username":"user10"},{"password":"password11","username":"user11"},{"password":"password12","username":"user12"},{"password":"password13","username":"user13"},{"password":"password14","username":"user14"},{"password":"password15","username":"user15"},{"password":"password16","username":"user16"},{"password":"password17","username":"user17"},{"password":"password18","username":"user18"},{"password":"password19","username":"user19"},{"password":"password20","username":"user20"}]}
2023-05-26T23:39:53+07:00 - GET /users
Request Body: 
Response Status: 200
Response Body: 
{"status":200,"message":"Successfully","data":[{"password":"password1","username":"user1"},{"password":"password2","username":"user2"},{"password":"password3","username":"user3"},{"password":"password4","username":"user4"},{"password":"password5","username":"user5"},{"password":"password6","username":"user6"},{"password":"password7","username":"user7"},{"password":"password8","username":"user8"},{"password":"password9","username":"user9"},{"password":"password10","username":"user10"},{"password":"password11","username":"user11"},{"password":"password12","username":"user12"},{"password":"password13","username":"user13"},{"password":"password14","username":"user14"},{"password":"password15","username":"user15"},{"password":"password16","username":"user16"},{"password":"password17","username":"user17"},{"password":"password18","username":"user18"},{"password":"password19","username":"user19"},{"password":"password20","username":"user20"}]}
2023-05-26T23:39:53+07:00 - GET /users
Request Body: 
Response Status: 200
Response Body: 
{"status":200,"message":"Successfully","data":[{"password":"password1","username":"user1"},{"password":"password2","username":"user2"},{"password":"password3","username":"user3"},{"password":"password4","username":"user4"},{"password":"password5","username":"user5"},{"password":"password6","username":"user6"},{"password":"password7","username":"user7"},{"password":"password8","username":"user8"},{"password":"password9","username":"user9"},{"password":"password10","username":"user10"},{"password":"password11","username":"user11"},{"password":"password12","username":"user12"},{"password":"password13","username":"user13"},{"password":"password14","username":"user14"},{"password":"password15","username":"user15"},{"password":"password16","username":"user16"},{"password":"password17","username":"user17"},{"password":"password18","username":"user18"},{"password":"password19","username":"user19"},{"password":"password20","username":"user20"}]}
2023-05-26T23:39:54+07:00 - GET /users
Request Body: 
Response Status: 200
Response Body: 
{"status":200,"message":"Successfully","data":[{"password":"password1","username":"user1"},{"password":"password2","username":"user2"},{"password":"password3","username":"user3"},{"password":"password4","username":"user4"},{"password":"password5","username":"user5"},{"password":"password6","username":"user6"},{"password":"password7","username":"user7"},{"password":"password8","username":"user8"},{"password":"password9","username":"user9"},{"password":"password10","username":"user10"},{"password":"password11","username":"user11"},{"password":"password12","username":"user12"},{"password":"password13","username":"user13"},{"password":"password14","username":"user14"},{"password":"password15","username":"user15"},{"password":"password16","username":"user16"},{"password":"password17","username":"user17"},{"password":"password18","username":"user18"},{"password":"password19","username":"user19"},{"password":"password20","username":"user20"}]}
2023-05-26T23:39:55+07:00 - GET /users
Request Body: 
Response Status: 200
Response Body: 
{"status":200,"message":"Successfully","data":[{"password":"password1","username":"user1"},{"password":"password2","username":"user2"},{"password":"password3","username":"user3"},{"password":"password4","username":"user4"},{"password":"password5","username":"user5"},{"password":"password6","username":"user6"},{"password":"password7","username":"user7"},{"password":"password8","username":"user8"},{"password":"password9","username":"user9"},{"password":"password10","username":"user10"},{"password":"password11","username":"user11"},{"password":"password12","username":"user12"},{"password":"password13","username":"user13"},{"password":"password14","username":"user14"},{"password":"password15","username":"user15"},{"password":"password16","username":"user16"},{"password":"password17","username":"user17"},{"password":"password18","username":"user18"},{"password":"password19","username":"user19"},{"password":"password20","username":"user20"}]}
2023-05-26T23:39:56+07:00 - GET /users
Request Body: 
Response Status: 200
Response Body: 
{"status":200,"message":"Successfully","data":[{"password":"password1","username":"user1"},{"password":"password2","username":"user2"},{"password":"password3","username":"user3"},{"password":"password4","username":"user4"},{"password":"password5","username":"user5"},{"password":"password6","username":"user6"},{"password":"password7","username":"user7"},{"password":"password8","username":"user8"},{"password":"password9","username":"user9"},{"password":"password10","username":"user10"},{"password":"password11","username":"user11"},{"password":"password12","username":"user12"},{"password":"password13","username":"user13"},{"password":"password14","username":"user14"},{"password":"password15","username":"user15"},{"password":"password16","username":"user16"},{"password":"password17","username":"user17"},{"password":"password18","username":"user18"},{"password":"password19","username":"user19"},{"password":"password20","username":"user20"}]}
2023-05-27T09:36:08+07:00 - GET /users
Request Body: 
Response Status: 200
Response Body: 
{"status":200,"message":"Successfully","data":[{"password":"password1","username":"user1"},{"password":"password2","username":"user2"},{"password":"password3","username":"user3"},{"password":"password4","username":"user4"},{"password":"password5","username":"user5"},{"password":"password6","username":"user6"},{"password":"password7","username":"user7"},{"password":"password8","username":"user8"},{"password":"password9","username":"user9"},{"password":"password10","username":"user10"},{"password":"password11","username":"user11"},{"password":"password12","username":"user12"},{"password":"password13","username":"user13"},{"password":"password14","username":"user14"},{"password":"password15","username":"user15"},{"password":"password16","username":"user16"},{"password":"password17","username":"user17"},{"password":"password18","username":"user18"},{"password":"password19","username":"user19"},{"password":"password20","username":"user20"}]}
2023-05-27T09:36:43+07:00 - GET /users
Request Body: 
Response Status: 200
Response Body: 
{"status":200,"message":"Successfully","data":[{"password":"password1","username":"user1"},{"password":"password2","username":"user2"},{"password":"password3","username":"user3"},{"password":"password4","username":"user4"},{"password":"password5","username":"user5"},{"password":"password6","username":"user6"},{"password":"password7","username":"user7"},{"password":"password8","username":"user8"},{"password":"password9","username":"user9"},{"password":"password10","username":"user10"},{"password":"password11","username":"user11"},{"password":"password12","username":"user12"},{"password":"password13","username":"user13"},{"password":"password14","username":"user14"},{"password":"password15","username":"user15"},{"password":"password16","username":"user16"},{"password":"password17","username":"user17"},{"password":"password18","username":"user18"},{"password":"password19","username":"user19"},{"password":"password20","username":"user20"}]}
2023-05-27T09:36:44+07:00 - GET /users
Request Body: 
Response Status: 200
Response Body: 
{"status":200,"message":"Successfully","data":[{"password":"password1","username":"user1"},{"password":"password2","username":"user2"},{"password":"password3","username":"user3"},{"password":"password4","username":"user4"},{"password":"password5","username":"user5"},{"password":"password6","username":"user6"},{"password":"password7","username":"user7"},{"password":"password8","username":"user8"},{"password":"password9","username":"user9"},{"password":"password10","username":"user10"},{"password":"password11","username":"user11"},{"password":"password12","username":"user12"},{"password":"password13","username":"user13"},{"password":"password14","username":"user14"},{"password":"password15","username":"user15"},{"password":"password16","username":"user16"},{"password":"password17","username":"user17"},{"password":"password18","username":"user18"},{"password":"password19","username":"user19"},{"password":"password20","username":"user20"}]}
2023-05-27T09:36:45+07:00 - GET /users
Request Body: 
Response Status: 200
Response Body: 
{"status":200,"message":"Successfully","data":[{"password":"password1","username":"user1"},{"password":"password2","username":"user2"},{"password":"password3","username":"user3"},{"password":"password4","username":"user4"},{"password":"password5","username":"user5"},{"password":"password6","username":"user6"},{"password":"password7","username":"user7"},{"password":"password8","username":"user8"},{"password":"password9","username":"user9"},{"password":"password10","username":"user10"},{"password":"password11","username":"user11"},{"password":"password12","username":"user12"},{"password":"password13","username":"user13"},{"password":"password14","username":"user14"},{"password":"password15","username":"user15"},{"password":"password16","username":"user16"},{"password":"password17","username":"user17"},{"password":"password18","username":"user18"},{"password":"password19","username":"user19"},{"password":"password20","username":"user20"}]}
2023-05-27T09:37:32+07:00 - GET /users
Request Body: 
Response Status: 200
Response Body: 
{"status":200,"message":"Successfully","data":[{"password":"password1","username":"user1"},{"password":"password2","username":"user2"},{"password":"password3","username":"user3"},{"password":"password4","username":"user4"},{"password":"password5","username":"user5"},{"password":"password6","username":"user6"},{"password":"password7","username":"user7"},{"password":"password8","username":"user8"},{"password":"password9","username":"user9"},{"password":"password10","username":"user10"},{"password":"password11","username":"user11"},{"password":"password12","username":"user12"},{"password":"password13","username":"user13"},{"password":"password14","username":"user14"},{"password":"password15","username":"user15"},{"password":"password16","username":"user16"},{"password":"password17","username":"user17"},{"password":"password18","username":"user18"},{"password":"password19","username":"user19"},{"password":"password20","username":"user20"}]}
2023-05-27T09:37:33+07:00 - GET /users
Request Body: 
Response Status: 200
Response Body: 
{"status":200,"message":"Successfully","data":[{"password":"password1","username":"user1"},{"password":"password2","username":"user2"},{"password":"password3","username":"user3"},{"password":"password4","username":"user4"},{"password":"password5","username":"user5"},{"password":"password6","username":"user6"},{"password":"password7","username":"user7"},{"password":"password8","username":"user8"},{"password":"password9","username":"user9"},{"password":"password10","username":"user10"},{"password":"password11","username":"user11"},{"password":"password12","username":"user12"},{"password":"password13","username":"user13"},{"password":"password14","username":"user14"},{"password":"password15","username":"user15"},{"password":"password16","username":"user16"},{"password":"password17","username":"user17"},{"password":"password18","username":"user18"},{"password":"password19","username":"user19"},{"password":"password20","username":"user20"}]}
2023-05-27T09:37:34+07:00 - GET /users
Request Body: 
Response Status: 200
Response Body: 
{"status":200,"message":"Successfully","data":[{"password":"password1","username":"user1"},{"password":"password2","username":"user2"},{"password":"password3","username":"user3"},{"password":"password4","username":"user4"},{"password":"password5","username":"user5"},{"password":"password6","username":"user6"},{"password":"password7","username":"user7"},{"password":"password8","username":"user8"},{"password":"password9","username":"user9"},{"password":"password10","username":"user10"},{"password":"password11","username":"user11"},{"password":"password12","username":"user12"},{"password":"password13","username":"user13"},{"password":"password14","username":"user14"},{"password":"password15","username":"user15"},{"password":"password16","username":"user16"},{"password":"password17","username":"user17"},{"password":"password18","username":"user18"},{"password":"password19","username":"user19"},{"password":"password20","username":"user20"}]}
2023-05-27T09:38:45+07:00 - GET /users
Request Body: 
Response Status: 200
Response Body: 
{"status":200,"message":"Successfully","data":[{"password":"password1","username":"user1"},{"password":"password2","username":"user2"},{"password":"password3","username":"user3"},{"password":"password4","username":"user4"},{"password":"password5","username":"user5"},{"password":"password6","username":"user6"},{"password":"password7","username":"user7"},{"password":"password8","username":"user8"},{"password":"password9","username":"user9"},{"password":"password10","username":"user10"},{"password":"password11","username":"user11"},{"password":"password12","username":"user12"},{"password":"password13","username":"user13"},{"password":"password14","username":"user14"},{"password":"password15","username":"user15"},{"password":"password16","username":"user16"},{"password":"password17","username":"user17"},{"password":"password18","username":"user18"},{"password":"password19","username":"user19"},{"password":"password20","username":"user20"}]}
